<?xml version="1.0" encoding="UTF-8"?>
<!-- Generated by org.testng.reporters.JUnitXMLReporter -->
<testsuite ignored="1" hostname="LAPTOP-OQKCFD7P" failures="0" tests="1" name="Restful-Booker" time="3.802" errors="0" timestamp="2023-10-14T22:50:36 GST">
  <testcase classname="testcases.TC02_CreateBooking" name="createBookingWithValidData_P" time="3.28"/>
  <testcase classname="testcases.TC02_CreateBooking" name="checkResponseHasTokenKey" time="0.0">
    <ignored/>
  </testcase> <!-- checkResponseHasTokenKey -->
</testsuite> <!-- Restful-Booker -->
